<?xml version="1.0" encoding="UTF-8"?>
<testng-results ignored="0" total="1" passed="1" failed="0" skipped="0">
  <reporter-output>
  </reporter-output>
  <suite started-at="2018-09-24T02:47:07Z" name="Automation Script " finished-at="2018-09-24T02:47:34Z" duration-ms="27537">
    <groups>
    </groups>
    <test started-at="2018-09-24T02:47:07Z" name="Search Items" finished-at="2018-09-24T02:47:34Z" duration-ms="27537">
      <class name="Search.InputSearch">
        <test-method is-config="true" signature="setUp(java.lang.String)[pri:0, instance:Search.InputSearch@7e9131d5]" started-at="2018-09-24T02:47:07Z" name="setUp" finished-at="2018-09-24T02:47:19Z" duration-ms="12723" status="PASS">
          <params>
            <param index="0">
              <value>
                <![CDATA[https://www.amazon.com/]]>
              </value>
            </param>
          </params>
          <reporter-output>
          </reporter-output>
        </test-method> <!-- setUp -->
        <test-method signature="TestSignUp()[pri:0, instance:Search.InputSearch@7e9131d5]" started-at="2018-09-24T02:47:19Z" name="TestSignUp" finished-at="2018-09-24T02:47:34Z" duration-ms="14798" status="PASS">
          <reporter-output>
          </reporter-output>
        </test-method> <!-- TestSignUp -->
        <test-method is-config="true" signature="cleanUp()[pri:0, instance:Search.InputSearch@7e9131d5]" started-at="2018-09-24T02:47:34Z" name="cleanUp" finished-at="2018-09-24T02:47:34Z" duration-ms="1" status="PASS">
          <reporter-output>
          </reporter-output>
        </test-method> <!-- cleanUp -->
      </class> <!-- Search.InputSearch -->
    </test> <!-- Search Items -->
  </suite> <!-- Automation Script  -->
</testng-results>
