<?xml version="1.0" encoding="UTF-8"?>
<testng-results ignored="0" total="1" passed="1" failed="0" skipped="0">
  <reporter-output>
  </reporter-output>
  <suite started-at="2018-09-24T02:47:36Z" name="Automation Script " finished-at="2018-09-24T02:48:05Z" duration-ms="29598">
    <groups>
    </groups>
    <test started-at="2018-09-24T02:47:36Z" name="Search Items" finished-at="2018-09-24T02:48:05Z" duration-ms="29598">
      <class name="Zip.InputZip$InputSearch">
        <test-method is-config="true" signature="setUp(java.lang.String)[pri:0, instance:Zip.InputZip$InputSearch@61d6015a]" started-at="2018-09-24T02:47:36Z" name="setUp" finished-at="2018-09-24T02:47:45Z" duration-ms="9399" status="PASS">
          <params>
            <param index="0">
              <value>
                <![CDATA[https://www.geico.com/]]>
              </value>
            </param>
          </params>
          <reporter-output>
          </reporter-output>
        </test-method> <!-- setUp -->
        <test-method signature="TestSignUp()[pri:0, instance:Zip.InputZip$InputSearch@61d6015a]" started-at="2018-09-24T02:47:45Z" name="TestSignUp" finished-at="2018-09-24T02:48:05Z" duration-ms="20185" status="PASS">
          <reporter-output>
          </reporter-output>
        </test-method> <!-- TestSignUp -->
        <test-method is-config="true" signature="cleanUp()[pri:0, instance:Zip.InputZip$InputSearch@61d6015a]" started-at="2018-09-24T02:48:05Z" name="cleanUp" finished-at="2018-09-24T02:48:05Z" duration-ms="1" status="PASS">
          <reporter-output>
          </reporter-output>
        </test-method> <!-- cleanUp -->
      </class> <!-- Zip.InputZip$InputSearch -->
    </test> <!-- Search Items -->
  </suite> <!-- Automation Script  -->
</testng-results>
